0128                                                                                                                           
<0001 context c:0 active
                                                                                                      
<0002 context b:0 active by proxy
                                                                                             
>0003 button_0c1 'script', for panel 0
                                                                                        
<0004 testim.script                                                                                                            
<0005 redraw panel 0 : reset                                                                                                   
<0006 context i:0 active
                                                                                                      
<0007 redraw panel 0 : reset                                                                                                   
<0008 (re)initialise                                                                                                           
<0009 context b:0 active by proxy
                                                                                             
>0010 button_0i0 'colourmap', for panel 0
                                                                                     
<0011 context b:0 active by proxy
                                                                                             
>0012 button_0i1 'nuclei', for panel 0
                                                                                        
<0013 context b:0 active by proxy
                                                                                             
>0014 button_0i2 'stream', for panel 0
                                                                                        
<0015 context i:0 active
                                                                                                      
<0016 pixel[1330,960]:                                                                                                         
<0017 value=5.877863e-01                                                                                                       
<0018 red=212                                                                                                                  
<0019 green=122                                                                                                                
<0020 blue=87                                                                                                                  
<0021 alpha=255                                                                                                                
<0022 redraw panel 0 : out                                                                                                     
<0023 redraw panel 0 : out                                                                                                     
<0024 redraw panel 0 : out                                                                                                     
<0025 redraw panel 0 : out                                                                                                     
<0026 redraw panel 0 : out                                                                                                     
<0027 redraw panel 0 : out                                                                                                     
<0028 redraw panel 0 : out                                                                                                     
<0029 redraw panel 0 : out                                                                                                     
<0030 redraw panel 0 : out                                                                                                     
<0031 redraw panel 0 : in                                                                                                      
<0032 redraw panel 0 : in                                                                                                      
<0033 redraw panel 0 : in                                                                                                      
<0034 redraw panel 0 : in                                                                                                      
<0035 redraw panel 0 : in                                                                                                      
<0036 redraw panel 0 : in                                                                                                      
<0037 redraw panel 0 : in                                                                                                      
<0038 redraw panel 0 : out                                                                                                     
<0039 redraw panel 0 : out                                                                                                     
<0040 redraw panel 0 : out                                                                                                     
<0041 context i:0 active
                                                                                                      
<0042 pixel[1252,953]:                                                                                                         
<0043 value=5.767862e-01                                                                                                       
<0044 red=205                                                                                                                  
<0045 green=123                                                                                                                
<0046 blue=88                                                                                                                  
<0047 alpha=255                                                                                                                
<0048 redraw panel 0 : out                                                                                                     
<0049 redraw panel 0 : out                                                                                                     
<0050 redraw panel 0 : out                                                                                                     
<0051 redraw panel 0 : out                                                                                                     
<0052 redraw panel 0 : out                                                                                                     
<0053 redraw panel 0 : out                                                                                                     
<0054 redraw panel 0 : in                                                                                                      
<0055 redraw panel 0 : in                                                                                                      
<0056 redraw panel 0 : in                                                                                                      
<0057 redraw panel 0 : in                                                                                                      
<0058 redraw panel 0 : in                                                                                                      
<0059 redraw panel 0 : out                                                                                                     
<0060 redraw panel 0 : out                                                                                                     
<0061 redraw panel 0 : out                                                                                                     
<0062 redraw panel 0 : out                                                                                                     
<0063 redraw panel 0 : in                                                                                                      
<0064 redraw panel 0 : in                                                                                                      
<0065 redraw panel 0 : in                                                                                                      
<0066 redraw panel 0 : in                                                                                                      
<0067 redraw panel 0 : in                                                                                                      
<0068 redraw panel 0 : in                                                                                                      
<0069 redraw panel 0 : in                                                                                                      
<0070 redraw panel 0 : out                                                                                                     
<0071 redraw panel 0 : out                                                                                                     
<0072 redraw panel 0 : out                                                                                                     
<0073 redraw panel 0 : out                                                                                                     
<0074 redraw panel 0 : out                                                                                                     
<0075 redraw panel 0 : out                                                                                                     
<0076 redraw panel 0 : out                                                                                                     
<0077 redraw panel 0 : out                                                                                                     
<0078 redraw panel 0 : out                                                                                                     
<0079 redraw panel 0 : out                                                                                                     
<0080 redraw panel 0 : out                                                                                                     
<0081 redraw panel 0 : out                                                                                                     
<0082 redraw panel 0 : out                                                                                                     
<0083 redraw panel 0 : out                                                                                                     
<0084 redraw panel 0 : out                                                                                                     
<0085 redraw panel 0 : out                                                                                                     
<0086 redraw panel 0 : out                                                                                                     
<0087 redraw panel 0 : out                                                                                                     
<0088 redraw panel 0 : out                                                                                                     
<0089 redraw panel 0 : out                                                                                                     
<0090 redraw panel 0 : out                                                                                                     
<0091 redraw panel 0 : out                                                                                                     
<0092 redraw panel 0 : out                                                                                                     
<0093 redraw panel 0 : out                                                                                                     
<0094 redraw panel 0 : out                                                                                                     
<0095 redraw panel 0 : out                                                                                                     
<0096 redraw panel 0 : in                                                                                                      
<0097 redraw panel 0 : in                                                                                                      
<0098 redraw panel 0 : in                                                                                                      
<0099 redraw panel 0 : in                                                                                                      
<0100 redraw panel 0 : in                                                                                                      
<0101 redraw panel 0 : in                                                                                                      
<0102 redraw panel 0 : in                                                                                                      
<0103 redraw panel 0 : in                                                                                                      
<0104 redraw panel 0 : in                                                                                                      
<0105 redraw panel 0 : in                                                                                                      
<0106 redraw panel 0 : in                                                                                                      
<0107 redraw panel 0 : in                                                                                                      
<0108 redraw panel 0 : in                                                                                                      
<0109 redraw panel 0 : in                                                                                                      
<0110 redraw panel 0 : in                                                                                                      
<0111 redraw panel 0 : in                                                                                                      
<0112 redraw panel 0 : out                                                                                                     
<0113 redraw panel 0 : out                                                                                                     
<0114 redraw panel 0 : out                                                                                                     
<0115 redraw panel 0 : out                                                                                                     
<0116 redraw panel 0 : out                                                                                                     
<0117 redraw panel 0 : out                                                                                                     
<0118 redraw panel 0 : out                                                                                                     
<0119 redraw panel 0 : out                                                                                                     
<0120 redraw panel 0 : out                                                                                                     
